[debug] [2017-07-27T19:25:26.624Z] ----------------------------------------------------------------------
[debug] [2017-07-27T19:25:26.627Z] Command:      /Users/nellsworth/.nvm/versions/node/v7.3.0/bin/node /Users/nellsworth/.nvm/versions/node/v7.3.0/bin/firebase deploy
[debug] [2017-07-27T19:25:26.627Z] CLI Version:  3.9.1
[debug] [2017-07-27T19:25:26.627Z] Platform:     darwin
[debug] [2017-07-27T19:25:26.627Z] Node Version: v7.3.0
[debug] [2017-07-27T19:25:26.629Z] Time:         Thu Jul 27 2017 15:25:26 GMT-0400 (EDT)
[debug] [2017-07-27T19:25:26.629Z] ----------------------------------------------------------------------
[debug] 
[debug] [2017-07-27T19:25:26.641Z] > command requires scopes: ["email","openid","https://www.googleapis.com/auth/cloudplatformprojects.readonly","https://www.googleapis.com/auth/firebase","https://www.googleapis.com/auth/cloud-platform"]
[debug] [2017-07-27T19:25:26.642Z] > authorizing via signed-in user
[debug] [2017-07-27T19:25:26.644Z] >>> HTTP REQUEST GET https://admin.firebase.com/v1/projects/ambience-b9b9d  
 Thu Jul 27 2017 15:25:26 GMT-0400 (EDT)
[debug] [2017-07-27T19:25:27.256Z] <<< HTTP RESPONSE 200
[debug] [2017-07-27T19:25:27.257Z] >>> HTTP REQUEST GET https://admin.firebase.com/v1/database/ambience-b9b9d/tokens  
 Thu Jul 27 2017 15:25:27 GMT-0400 (EDT)
[debug] [2017-07-27T19:25:27.615Z] <<< HTTP RESPONSE 200
[info] 
[info] === Deploying to 'ambience-b9b9d'...
[info] 
[info] i  deploying hosting
[info] i  hosting: preparing / directory for upload...
[debug] [2017-07-27T19:27:21.829Z] >>> HTTP REQUEST PUT https://deploy.firebase.com/v1/hosting/ambience-b9b9d/uploads/-Kq4VgkS6q0YNp0CYK6g?fileCount=15763&message=  
 Thu Jul 27 2017 15:27:21 GMT-0400 (EDT)
[debug] [2017-07-27T19:28:27.306Z] ----------------------------------------------------------------------
[debug] [2017-07-27T19:28:27.308Z] Command:      /Users/nellsworth/.nvm/versions/node/v7.3.0/bin/node /Users/nellsworth/.nvm/versions/node/v7.3.0/bin/firebase deploy
[debug] [2017-07-27T19:28:27.309Z] CLI Version:  3.9.1
[debug] [2017-07-27T19:28:27.309Z] Platform:     darwin
[debug] [2017-07-27T19:28:27.309Z] Node Version: v7.3.0
[debug] [2017-07-27T19:28:27.309Z] Time:         Thu Jul 27 2017 15:28:27 GMT-0400 (EDT)
[debug] [2017-07-27T19:28:27.309Z] ----------------------------------------------------------------------
[debug] 
[debug] [2017-07-27T19:28:27.321Z] > command requires scopes: ["email","openid","https://www.googleapis.com/auth/cloudplatformprojects.readonly","https://www.googleapis.com/auth/firebase","https://www.googleapis.com/auth/cloud-platform"]
[debug] [2017-07-27T19:28:27.321Z] > authorizing via signed-in user
[debug] [2017-07-27T19:28:27.323Z] >>> HTTP REQUEST GET https://admin.firebase.com/v1/projects/ambience-b9b9d  
 Thu Jul 27 2017 15:28:27 GMT-0400 (EDT)
[debug] [2017-07-27T19:28:27.982Z] <<< HTTP RESPONSE 200
[debug] [2017-07-27T19:28:27.983Z] >>> HTTP REQUEST GET https://admin.firebase.com/v1/database/ambience-b9b9d/tokens  
 Thu Jul 27 2017 15:28:27 GMT-0400 (EDT)
[debug] [2017-07-27T19:28:28.537Z] <<< HTTP RESPONSE 200
[info] 
[info] === Deploying to 'ambience-b9b9d'...
[info] 
[info] i  deploying hosting
[info] i  hosting: preparing public directory for upload...
[debug] [2017-07-27T19:28:45.458Z] >>> HTTP REQUEST PUT https://deploy.firebase.com/v1/hosting/ambience-b9b9d/uploads/-Kq4WNubiwDDeBpGIBxY?fileCount=10344&message=  
 Thu Jul 27 2017 15:28:45 GMT-0400 (EDT)
